# JRE version: Java(TM) SE Runtime Environment (24.0.1+9) (build 24.0.1+9-30)
# Java VM: Java HotSpot(TM) 64-Bit Server VM (24.0.1+9-30, mixed mode, sharing, tiered, compressed oops, compressed class ptrs, g1 gc, windows-amd64)
GC Precious Log:
 CardTable entry size: 512
 Card Set container configuration: InlinePtr #cards 5 size 8 Array Of Cards #cards 10 size 36 Howl #buckets 4 coarsen threshold 1843 Howl Bitmap #cards 512 size 80 coarsen threshold 460 Card regions per heap region 1 cards per card region 2048
 CPUs: 4 total, 4 available
 Memory: 7930M
 Large Page Support: Disabled
 NUMA Support: Disabled
 Compressed Oops: Enabled (32-bit)
 Heap Region Size: 1M
 Heap Min Capacity: 8M
 Heap Initial Capacity: 124M
 Heap Max Capacity: 1984M
 Pre-touch: Disabled
 Parallel Workers: 4
 Concurrent Workers: 1
 Concurrent Refinement Workers: 4
 Periodic GC: Disabled
Heap:
 garbage-first heap   total reserved 2031616K, committed 89088K, used 39849K [0x0000000084000000, 0x0000000100000000)
  region size 1024K, 2 young (2048K), 2 survivors (2048K)
 Metaspace       used 58367K, committed 58944K, reserved 1114112K
  class space    used 6221K, committed 6464K, reserved 1048576K
GC Heap History (20 events):
Event: 1.114 GC heap after
{Heap after GC invocations=1 (full 0):
 garbage-first heap   total reserved 2031616K, committed 129024K, used 4596K [0x0000000084000000, 0x0000000100000000)
  region size 1024K, 4 young (4096K), 4 survivors (4096K)
 Metaspace       used 5913K, committed 6016K, reserved 1114112K
  class space    used 540K, committed 576K, reserved 1048576K
}
Event: 2.895 GC heap before
{Heap before GC invocations=1 (full 0):
 garbage-first heap   total reserved 2031616K, committed 129024K, used 57844K [0x0000000084000000, 0x0000000100000000)
  region size 1024K, 56 young (57344K), 4 survivors (4096K)
 Metaspace       used 14405K, committed 14656K, reserved 1114112K
  class space    used 1425K, committed 1536K, reserved 1048576K
}
Event: 2.908 GC heap after
{Heap after GC invocations=2 (full 0):
 garbage-first heap   total reserved 2031616K, committed 129024K, used 8685K [0x0000000084000000, 0x0000000100000000)
  region size 1024K, 7 young (7168K), 7 survivors (7168K)
 Metaspace       used 14405K, committed 14656K, reserved 1114112K
  class space    used 1425K, committed 1536K, reserved 1048576K
}
Event: 3.899 GC heap before
{Heap before GC invocations=2 (full 0):
 garbage-first heap   total reserved 2031616K, committed 129024K, used 68077K [0x0000000084000000, 0x0000000100000000)
  region size 1024K, 65 young (66560K), 7 survivors (7168K)
 Metaspace       used 15781K, committed 16064K, reserved 1114112K
  class space    used 1526K, committed 1664K, reserved 1048576K
}
Event: 3.925 GC heap after
{Heap after GC invocations=3 (full 0):
 garbage-first heap   total reserved 2031616K, committed 129024K, used 14573K [0x0000000084000000, 0x0000000100000000)
  region size 1024K, 9 young (9216K), 9 survivors (9216K)
 Metaspace       used 15781K, committed 16064K, reserved 1114112K
  class space    used 1526K, committed 1664K, reserved 1048576K
}
Event: 5.239 GC heap before
{Heap before GC invocations=3 (full 0):
 garbage-first heap   total reserved 2031616K, committed 129024K, used 77037K [0x0000000084000000, 0x0000000100000000)
  region size 1024K, 70 young (71680K), 9 survivors (9216K)
 Metaspace       used 18749K, committed 19008K, reserved 1114112K
  class space    used 1762K, committed 1856K, reserved 1048576K
}
Event: 5.255 GC heap after
{Heap after GC invocations=4 (full 0):
 garbage-first heap   total reserved 2031616K, committed 129024K, used 19572K [0x0000000084000000, 0x0000000100000000)
  region size 1024K, 4 young (4096K), 4 survivors (4096K)
 Metaspace       used 18749K, committed 19008K, reserved 1114112K
  class space    used 1762K, committed 1856K, reserved 1048576K
}
Event: 5.723 GC heap before
{Heap before GC invocations=4 (full 0):
 garbage-first heap   total reserved 2031616K, committed 129024K, used 42100K [0x0000000084000000, 0x0000000100000000)
  region size 1024K, 27 young (27648K), 4 survivors (4096K)
 Metaspace       used 21105K, committed 21504K, reserved 1114112K
  class space    used 1996K, committed 2176K, reserved 1048576K
}
Event: 5.728 GC heap after
{Heap after GC invocations=5 (full 0):
 garbage-first heap   total reserved 2031616K, committed 129024K, used 25204K [0x0000000084000000, 0x0000000100000000)
  region size 1024K, 9 young (9216K), 9 survivors (9216K)
 Metaspace       used 21105K, committed 21504K, reserved 1114112K
  class space    used 1996K, committed 2176K, reserved 1048576K
}
Event: 6.921 GC heap before
{Heap before GC invocations=6 (full 0):
 garbage-first heap   total reserved 2031616K, committed 89088K, used 69236K [0x0000000084000000, 0x0000000100000000)
  region size 1024K, 52 young (53248K), 9 survivors (9216K)
 Metaspace       used 28377K, committed 28864K, reserved 1114112K
  class space    used 2859K, committed 3072K, reserved 1048576K
}
Event: 6.937 GC heap after
{Heap after GC invocations=7 (full 0):
 garbage-first heap   total reserved 2031616K, committed 89088K, used 28641K [0x0000000084000000, 0x0000000100000000)
  region size 1024K, 3 young (3072K), 3 survivors (3072K)
 Metaspace       used 28377K, committed 28864K, reserved 1114112K
  class space    used 2859K, committed 3072K, reserved 1048576K
}
Event: 7.993 GC heap before
{Heap before GC invocations=7 (full 0):
 garbage-first heap   total reserved 2031616K, committed 89088K, used 65505K [0x0000000084000000, 0x0000000100000000)
  region size 1024K, 40 young (40960K), 3 survivors (3072K)
 Metaspace       used 35509K, committed 35968K, reserved 1114112K
  class space    used 3781K, committed 3968K, reserved 1048576K
}
Event: 8.002 GC heap after
{Heap after GC invocations=8 (full 0):
 garbage-first heap   total reserved 2031616K, committed 89088K, used 29768K [0x0000000084000000, 0x0000000100000000)
  region size 1024K, 5 young (5120K), 5 survivors (5120K)
 Metaspace       used 35509K, committed 35968K, reserved 1114112K
  class space    used 3781K, committed 3968K, reserved 1048576K
}
Event: 8.047 GC heap before
{Heap before GC invocations=8 (full 0):
 garbage-first heap   total reserved 2031616K, committed 89088K, used 30792K [0x0000000084000000, 0x0000000100000000)
  region size 1024K, 7 young (7168K), 5 survivors (5120K)
 Metaspace       used 35864K, committed 36288K, reserved 1114112K
  class space    used 3856K, committed 4032K, reserved 1048576K
}
Event: 8.052 GC heap after
{Heap after GC invocations=9 (full 0):
 garbage-first heap   total reserved 2031616K, committed 89088K, used 29527K [0x0000000084000000, 0x0000000100000000)
  region size 1024K, 3 young (3072K), 3 survivors (3072K)
 Metaspace       used 35864K, committed 36288K, reserved 1114112K
  class space    used 3856K, committed 4032K, reserved 1048576K
}
Event: 9.269 GC heap before
{Heap before GC invocations=10 (full 0):
 garbage-first heap   total reserved 2031616K, committed 89088K, used 71511K [0x0000000084000000, 0x0000000100000000)
  region size 1024K, 45 young (46080K), 3 survivors (3072K)
 Metaspace       used 44796K, committed 45376K, reserved 1114112K
  class space    used 4651K, committed 4928K, reserved 1048576K
}
Event: 9.278 GC heap after
{Heap after GC invocations=11 (full 0):
 garbage-first heap   total reserved 2031616K, committed 89088K, used 34216K [0x0000000084000000, 0x0000000100000000)
  region size 1024K, 6 young (6144K), 6 survivors (6144K)
 Metaspace       used 44796K, committed 45376K, reserved 1114112K
  class space    used 4651K, committed 4928K, reserved 1048576K
}
Event: 10.759 GC heap before
{Heap before GC invocations=11 (full 0):
 garbage-first heap   total reserved 2031616K, committed 89088K, used 74152K [0x0000000084000000, 0x0000000100000000)
  region size 1024K, 45 young (46080K), 6 survivors (6144K)
 Metaspace       used 50309K, committed 50880K, reserved 1114112K
  class space    used 5251K, committed 5504K, reserved 1048576K
}
Event: 10.774 GC heap after
{Heap after GC invocations=12 (full 0):
 garbage-first heap   total reserved 2031616K, committed 89088K, used 38109K [0x0000000084000000, 0x0000000100000000)
  region size 1024K, 4 young (4096K), 4 survivors (4096K)
 Metaspace       used 50309K, committed 50880K, reserved 1114112K
  class space    used 5251K, committed 5504K, reserved 1048576K
}
Event: 12.993 GC heap before
{Heap before GC invocations=12 (full 0):
 garbage-first heap   total reserved 2031616K, committed 89088K, used 75997K [0x0000000084000000, 0x0000000100000000)
  region size 1024K, 41 young (41984K), 4 survivors (4096K)
 Metaspace       used 58367K, committed 58944K, reserved 1114112K
  class space    used 6221K, committed 6464K, reserved 1048576K
}

